<?xml version="1.0" encoding="UTF-8"?>
<!-- Generated by org.testng.reporters.JUnitReportReporter -->
<testsuite hostname="DESKTOP-IG5V1RQ" failures="0" tests="3" name="moblieTesting.MyTestCases" time="5.884" errors="0" timestamp="2024-11-17T12:07:18 EET" skipped="2">
  <testcase classname="moblieTesting.MyTestCases" name="choseAllEvenNumber" time="5.884"/>
  <system-out/>
  <testcase classname="moblieTesting.MyTestCases" name="choseAllNumber">
    <skipped/>
  </testcase> <!-- choseAllNumber -->
  <system-out/>
  <testcase classname="moblieTesting.MyTestCases" name="firstTest">
    <skipped/>
  </testcase> <!-- firstTest -->
  <system-out/>
</testsuite> <!-- moblieTesting.MyTestCases -->
